# JRE version: Java(TM) SE Runtime Environment (8.0_162-b12) (build 1.8.0_162-b12)
# Java VM: Java HotSpot(TM) 64-Bit Server VM (25.162-b12 mixed mode windows-amd64 compressed oops)
Heap:
 PSYoungGen      total 228864K, used 25128K [0x00000000d5f00000, 0x00000000e5700000, 0x0000000100000000)
  eden space 210432K, 11% used [0x00000000d5f00000,0x00000000d778a080,0x00000000e2c80000)
  from space 18432K, 0% used [0x00000000e4500000,0x00000000e4500000,0x00000000e5700000)
  to   space 20992K, 0% used [0x00000000e2e00000,0x00000000e2e00000,0x00000000e4280000)
 ParOldGen       total 125440K, used 32422K [0x0000000081c00000, 0x0000000089680000, 0x00000000d5f00000)
  object space 125440K, 25% used [0x0000000081c00000,0x0000000083ba9b28,0x0000000089680000)
 Metaspace       used 56697K, capacity 59570K, committed 59776K, reserved 1099776K
  class space    used 7950K, capacity 8466K, committed 8576K, reserved 1048576K
GC Heap History (10 events):
Event: 9.065 GC heap before
{Heap before GC invocations=9 (full 1):
 PSYoungGen      total 136192K, used 105157K [0x00000000d5f00000, 0x00000000e2080000, 0x0000000100000000)
  eden space 127488K, 75% used [0x00000000d5f00000,0x00000000dbd37ad8,0x00000000ddb80000)
  from space 8704K, 99% used [0x00000000ddb80000,0x00000000de3f9a68,0x00000000de400000)
  to   space 12288K, 0% used [0x00000000e1480000,0x00000000e1480000,0x00000000e2080000)
 ParOldGen       total 53248K, used 11024K [0x0000000081c00000, 0x0000000085000000, 0x00000000d5f00000)
  object space 53248K, 20% used [0x0000000081c00000,0x00000000826c4008,0x0000000085000000)
 Metaspace       used 33748K, capacity 35358K, committed 35496K, reserved 1079296K
  class space    used 4456K, capacity 4775K, committed 4864K, reserved 1048576K
Event: 9.085 GC heap after
Heap after GC invocations=9 (full 1):
 PSYoungGen      total 182272K, used 12286K [0x00000000d5f00000, 0x00000000e3d00000, 0x0000000100000000)
  eden space 169984K, 0% used [0x00000000d5f00000,0x00000000d5f00000,0x00000000e0500000)
  from space 12288K, 99% used [0x00000000e1480000,0x00000000e207fb80,0x00000000e2080000)
  to   space 15872K, 0% used [0x00000000e0500000,0x00000000e0500000,0x00000000e1480000)
 ParOldGen       total 53248K, used 15056K [0x0000000081c00000, 0x0000000085000000, 0x00000000d5f00000)
  object space 53248K, 28% used [0x0000000081c00000,0x0000000082ab4288,0x0000000085000000)
 Metaspace       used 33748K, capacity 35358K, committed 35496K, reserved 1079296K
  class space    used 4456K, capacity 4775K, committed 4864K, reserved 1048576K
}
Event: 9.085 GC heap before
{Heap before GC invocations=10 (full 2):
 PSYoungGen      total 182272K, used 12286K [0x00000000d5f00000, 0x00000000e3d00000, 0x0000000100000000)
  eden space 169984K, 0% used [0x00000000d5f00000,0x00000000d5f00000,0x00000000e0500000)
  from space 12288K, 99% used [0x00000000e1480000,0x00000000e207fb80,0x00000000e2080000)
  to   space 15872K, 0% used [0x00000000e0500000,0x00000000e0500000,0x00000000e1480000)
 ParOldGen       total 53248K, used 15056K [0x0000000081c00000, 0x0000000085000000, 0x00000000d5f00000)
  object space 53248K, 28% used [0x0000000081c00000,0x0000000082ab4288,0x0000000085000000)
 Metaspace       used 33748K, capacity 35358K, committed 35496K, reserved 1079296K
  class space    used 4456K, capacity 4775K, committed 4864K, reserved 1048576K
Event: 9.214 GC heap after
Heap after GC invocations=10 (full 2):
 PSYoungGen      total 182272K, used 0K [0x00000000d5f00000, 0x00000000e3d00000, 0x0000000100000000)
  eden space 169984K, 0% used [0x00000000d5f00000,0x00000000d5f00000,0x00000000e0500000)
  from space 12288K, 0% used [0x00000000e1480000,0x00000000e1480000,0x00000000e2080000)
  to   space 15872K, 0% used [0x00000000e0500000,0x00000000e0500000,0x00000000e1480000)
 ParOldGen       total 92160K, used 20959K [0x0000000081c00000, 0x0000000087600000, 0x00000000d5f00000)
  object space 92160K, 22% used [0x0000000081c00000,0x0000000083077de0,0x0000000087600000)
 Metaspace       used 33748K, capacity 35358K, committed 35496K, reserved 1079296K
  class space    used 4456K, capacity 4775K, committed 4864K, reserved 1048576K
}
Event: 25.255 GC heap before
{Heap before GC invocations=11 (full 2):
 PSYoungGen      total 182272K, used 169984K [0x00000000d5f00000, 0x00000000e3d00000, 0x0000000100000000)
  eden space 169984K, 100% used [0x00000000d5f00000,0x00000000e0500000,0x00000000e0500000)
  from space 12288K, 0% used [0x00000000e1480000,0x00000000e1480000,0x00000000e2080000)
  to   space 15872K, 0% used [0x00000000e0500000,0x00000000e0500000,0x00000000e1480000)
 ParOldGen       total 92160K, used 20959K [0x0000000081c00000, 0x0000000087600000, 0x00000000d5f00000)
  object space 92160K, 22% used [0x0000000081c00000,0x0000000083077de0,0x0000000087600000)
 Metaspace       used 47754K, capacity 50054K, committed 50176K, reserved 1091584K
  class space    used 6743K, capacity 7158K, committed 7168K, reserved 1048576K
Event: 25.279 GC heap after
Heap after GC invocations=11 (full 2):
 PSYoungGen      total 185856K, used 15865K [0x00000000d5f00000, 0x00000000e5700000, 0x0000000100000000)
  eden space 169984K, 0% used [0x00000000d5f00000,0x00000000d5f00000,0x00000000e0500000)
  from space 15872K, 99% used [0x00000000e0500000,0x00000000e147e5a8,0x00000000e1480000)
  to   space 18432K, 0% used [0x00000000e4500000,0x00000000e4500000,0x00000000e5700000)
 ParOldGen       total 92160K, used 21776K [0x0000000081c00000, 0x0000000087600000, 0x00000000d5f00000)
  object space 92160K, 23% used [0x0000000081c00000,0x00000000831442a0,0x0000000087600000)
 Metaspace       used 47754K, capacity 50054K, committed 50176K, reserved 1091584K
  class space    used 6743K, capacity 7158K, committed 7168K, reserved 1048576K
}
Event: 45.255 GC heap before
{Heap before GC invocations=12 (full 2):
 PSYoungGen      total 185856K, used 153735K [0x00000000d5f00000, 0x00000000e5700000, 0x0000000100000000)
  eden space 169984K, 81% used [0x00000000d5f00000,0x00000000de5a3a38,0x00000000e0500000)
  from space 15872K, 99% used [0x00000000e0500000,0x00000000e147e5a8,0x00000000e1480000)
  to   space 18432K, 0% used [0x00000000e4500000,0x00000000e4500000,0x00000000e5700000)
 ParOldGen       total 92160K, used 21776K [0x0000000081c00000, 0x0000000087600000, 0x00000000d5f00000)
  object space 92160K, 23% used [0x0000000081c00000,0x00000000831442a0,0x0000000087600000)
 Metaspace       used 56194K, capacity 59010K, committed 59160K, reserved 1099776K
  class space    used 7849K, capacity 8314K, committed 8320K, reserved 1048576K
Event: 45.288 GC heap after
Heap after GC invocations=12 (full 2):
 PSYoungGen      total 228864K, used 18078K [0x00000000d5f00000, 0x00000000e5700000, 0x0000000100000000)
  eden space 210432K, 0% used [0x00000000d5f00000,0x00000000d5f00000,0x00000000e2c80000)
  from space 18432K, 98% used [0x00000000e4500000,0x00000000e56a78a0,0x00000000e5700000)
  to   space 20992K, 0% used [0x00000000e2e00000,0x00000000e2e00000,0x00000000e4280000)
 ParOldGen       total 92160K, used 21784K [0x0000000081c00000, 0x0000000087600000, 0x00000000d5f00000)
  object space 92160K, 23% used [0x0000000081c00000,0x00000000831462a0,0x0000000087600000)
 Metaspace       used 56194K, capacity 59010K, committed 59160K, reserved 1099776K
  class space    used 7849K, capacity 8314K, committed 8320K, reserved 1048576K
}
Event: 45.288 GC heap before
{Heap before GC invocations=13 (full 3):
 PSYoungGen      total 228864K, used 18078K [0x00000000d5f00000, 0x00000000e5700000, 0x0000000100000000)
  eden space 210432K, 0% used [0x00000000d5f00000,0x00000000d5f00000,0x00000000e2c80000)
  from space 18432K, 98% used [0x00000000e4500000,0x00000000e56a78a0,0x00000000e5700000)
  to   space 20992K, 0% used [0x00000000e2e00000,0x00000000e2e00000,0x00000000e4280000)
 ParOldGen       total 92160K, used 21784K [0x0000000081c00000, 0x0000000087600000, 0x00000000d5f00000)
  object space 92160K, 23% used [0x0000000081c00000,0x00000000831462a0,0x0000000087600000)
 Metaspace       used 56194K, capacity 59010K, committed 59160K, reserved 1099776K
  class space    used 7849K, capacity 8314K, committed 8320K, reserved 1048576K
Event: 45.520 GC heap after
Heap after GC invocations=13 (full 3):
 PSYoungGen      total 228864K, used 0K [0x00000000d5f00000, 0x00000000e5700000, 0x0000000100000000)
  eden space 210432K, 0% used [0x00000000d5f00000,0x00000000d5f00000,0x00000000e2c80000)
  from space 18432K, 0% used [0x00000000e4500000,0x00000000e4500000,0x00000000e5700000)
  to   space 20992K, 0% used [0x00000000e2e00000,0x00000000e2e00000,0x00000000e4280000)
 ParOldGen       total 125440K, used 32422K [0x0000000081c00000, 0x0000000089680000, 0x00000000d5f00000)
  object space 125440K, 25% used [0x0000000081c00000,0x0000000083ba9b28,0x0000000089680000)
 Metaspace       used 56194K, capacity 59010K, committed 59160K, reserved 1099776K
  class space    used 7849K, capacity 8314K, committed 8320K, reserved 1048576K
}

